This is pdfTeX, Version 3.141592653-2.6-1.40.26 (TeX Live 2024) (preloaded format=pdflatex 2024.6.14)  9 JUN 2025 15:12
entering extended mode
 restricted \write18 enabled.
 %&-line parsing enabled.
**chapter1.tex
(./chapter1.tex
LaTeX2e <2024-06-01> patch level 1
L3 programming layer <2024-05-27>
! Undefined control sequence.
l.1 \chapter
            {–í–≤–µ–¥–µ–Ω–∏–µ}
The control sequence at the end of the top line
of your error message was never \def'ed. If you have
misspelled it (e.g., `\hobx'), type `I' and the correct
spelling (e.g., `I\hbox'). Otherwise just continue,
and I'll forget about whatever was undefined.


! LaTeX Error: Unicode character –í (U+0412)
               not set up for use with LaTeX.

See the LaTeX manual or LaTeX Companion for explanation.
Type  H <return>  for immediate help.
 ...                                              
                                                  
l.1 \chapter{–í
               –≤–µ–¥–µ–Ω–∏–µ}
You may provide a definition with
\DeclareUnicodeCharacter 


! LaTeX Error: Unicode character –≤ (U+0432)
               not set up for use with LaTeX.

See the LaTeX manual or LaTeX Companion for explanation.
Type  H <return>  for immediate help.
 ...                                              
                                                  
l.1 \chapter{–í–≤
                 –µ–¥–µ–Ω–∏–µ}
You may provide a definition with
\DeclareUnicodeCharacter 


! LaTeX Error: Unicode character –µ (U+0435)
               not set up for use with LaTeX.

See the LaTeX manual or LaTeX Companion for explanation.
Type  H <return>  for immediate help.
 ...                                              
                                                  
l.1 \chapter{–í–≤–µ
                   –¥–µ–Ω–∏–µ}
You may provide a definition with
\DeclareUnicodeCharacter 


! LaTeX Error: Unicode character –¥ (U+0434)
               not set up for use with LaTeX.

See the LaTeX manual or LaTeX Companion for explanation.
Type  H <return>  for immediate help.
 ...                                              
                                                  
l.1 \chapter{–í–≤–µ–¥
                     –µ–Ω–∏–µ}
You may provide a definition with
\DeclareUnicodeCharacter 


! LaTeX Error: Unicode character –µ (U+0435)
               not set up for use with LaTeX.

See the LaTeX manual or LaTeX Companion for explanation.
Type  H <return>  for immediate help.
 ...                                              
                                                  
l.1 \chapter{–í–≤–µ–¥–µ
                       –Ω–∏–µ}
You may provide a definition with
\DeclareUnicodeCharacter 


! LaTeX Error: Unicode character –Ω (U+043D)
               not set up for use with LaTeX.

See the LaTeX manual or LaTeX Companion for explanation.
Type  H <return>  for immediate help.
 ...                                              
                                                  
l.1 \chapter{–í–≤–µ–¥–µ–Ω
                         –∏–µ}
You may provide a definition with
\DeclareUnicodeCharacter 


! LaTeX Error: Unicode character –∏ (U+0438)
               not set up for use with LaTeX.

See the LaTeX manual or LaTeX Companion for explanation.
Type  H <return>  for immediate help.
 ...                                              
                                                  
l.1 \chapter{–í–≤–µ–¥–µ–Ω–∏
                           –µ}
You may provide a definition with
\DeclareUnicodeCharacter 


! LaTeX Error: Unicode character –µ (U+0435)
               not set up for use with LaTeX.

See the LaTeX manual or LaTeX Companion for explanation.
Type  H <return>  for immediate help.
 ...                                              
                                                  
l.1 \chapter{–í–≤–µ–¥–µ–Ω–∏–µ
                             }
You may provide a definition with
\DeclareUnicodeCharacter 


! LaTeX Error: Unicode character –í (U+0412)
               not set up for use with LaTeX.

See the LaTeX manual or LaTeX Companion for explanation.
Type  H <return>  for immediate help.
 ...                                              
                                                  
l.4 –í
       –∫–ª–∞—Å—Å–∏—á–µ—Å–∫–æ–º –æ–¥–Ω–æ—Ä–æ–¥–Ω–æ–º –º–Ω–æ–≥–æ—è–¥–µ—Ä–Ω–æ–...

You may provide a definition with
\DeclareUnicodeCharacter 


! LaTeX Error: Unicode character –∫ (U+043A)
               not set up for use with LaTeX.

See the LaTeX manual or LaTeX Companion for explanation.
Type  H <return>  for immediate help.
 ...                                              
                                                  
l.4 –í –∫
         –ª–∞—Å—Å–∏—á–µ—Å–∫–æ–º –æ–¥–Ω–æ—Ä–æ–¥–Ω–æ–º –º–Ω–æ–≥–æ—è–¥–µ—Ä–Ω–æ–...

You may provide a definition with
\DeclareUnicodeCharacter 


! LaTeX Error: Unicode character –ª (U+043B)
               not set up for use with LaTeX.

See the LaTeX manual or LaTeX Companion for explanation.
Type  H <return>  for immediate help.
 ...                                              
                                                  
l.4 –í –∫–ª
           –∞—Å—Å–∏—á–µ—Å–∫–æ–º –æ–¥–Ω–æ—Ä–æ–¥–Ω–æ–º –º–Ω–æ–≥–æ—è–¥–µ—Ä–Ω–æ–...

You may provide a definition with
\DeclareUnicodeCharacter 


! LaTeX Error: Unicode character –∞ (U+0430)
               not set up for use with LaTeX.

See the LaTeX manual or LaTeX Companion for explanation.
Type  H <return>  for immediate help.
 ...                                              
                                                  
l.4 –í –∫–ª–∞
             —Å—Å–∏—á–µ—Å–∫–æ–º –æ–¥–Ω–æ—Ä–æ–¥–Ω–æ–º –º–Ω–æ–≥–æ—è–¥–µ—Ä–Ω–æ–...

You may provide a definition with
\DeclareUnicodeCharacter 


! LaTeX Error: Unicode character —Å (U+0441)
               not set up for use with LaTeX.

See the LaTeX manual or LaTeX Companion for explanation.
Type  H <return>  for immediate help.
 ...                                              
                                                  
l.4 –í –∫–ª–∞—Å
               —Å–∏—á–µ—Å–∫–æ–º –æ–¥–Ω–æ—Ä–æ–¥–Ω–æ–º –º–Ω–æ–≥–æ—è–¥–µ—Ä–Ω–æ–...

You may provide a definition with
\DeclareUnicodeCharacter 


! LaTeX Error: Unicode character —Å (U+0441)
               not set up for use with LaTeX.

See the LaTeX manual or LaTeX Companion for explanation.
Type  H <return>  for immediate help.
 ...                                              
                                                  
l.4 –í –∫–ª–∞—Å—Å
                 –∏—á–µ—Å–∫–æ–º –æ–¥–Ω–æ—Ä–æ–¥–Ω–æ–º –º–Ω–æ–≥–æ—è–¥–µ—Ä–Ω–æ–...

You may provide a definition with
\DeclareUnicodeCharacter 


! LaTeX Error: Unicode character –∏ (U+0438)
               not set up for use with LaTeX.

See the LaTeX manual or LaTeX Companion for explanation.
Type  H <return>  for immediate help.
 ...                                              
                                                  
l.4 –í –∫–ª–∞—Å—Å–∏
                   —á–µ—Å–∫–æ–º –æ–¥–Ω–æ—Ä–æ–¥–Ω–æ–º –º–Ω–æ–≥–æ—è–¥–µ—Ä–Ω–æ–...

You may provide a definition with
\DeclareUnicodeCharacter 


! LaTeX Error: Unicode character —á (U+0447)
               not set up for use with LaTeX.

See the LaTeX manual or LaTeX Companion for explanation.
Type  H <return>  for immediate help.
 ...                                              
                                                  
l.4 –í –∫–ª–∞—Å—Å–∏—á
                     –µ—Å–∫–æ–º –æ–¥–Ω–æ—Ä–æ–¥–Ω–æ–º –º–Ω–æ–≥–æ—è–¥–µ—Ä–Ω–æ–...

You may provide a definition with
\DeclareUnicodeCharacter 


! LaTeX Error: Unicode character –µ (U+0435)
               not set up for use with LaTeX.

See the LaTeX manual or LaTeX Companion for explanation.
Type  H <return>  for immediate help.
 ...                                              
                                                  
l.4 –í –∫–ª–∞—Å—Å–∏—á–µ
                       —Å–∫–æ–º –æ–¥–Ω–æ—Ä–æ–¥–Ω–æ–º –º–Ω–æ–≥–æ—è–¥–µ—Ä–Ω–æ–...

You may provide a definition with
\DeclareUnicodeCharacter 


! LaTeX Error: Unicode character —Å (U+0441)
               not set up for use with LaTeX.

See the LaTeX manual or LaTeX Companion for explanation.
Type  H <return>  for immediate help.
 ...                                              
                                                  
l.4 –í –∫–ª–∞—Å—Å–∏—á–µ—Å
                         –∫–æ–º –æ–¥–Ω–æ—Ä–æ–¥–Ω–æ–º –º–Ω–æ–≥–æ—è–¥–µ—Ä–Ω–æ–...

You may provide a definition with
\DeclareUnicodeCharacter 


! LaTeX Error: Unicode character –∫ (U+043A)
               not set up for use with LaTeX.

See the LaTeX manual or LaTeX Companion for explanation.
Type  H <return>  for immediate help.
 ...                                              
                                                  
l.4 –í –∫–ª–∞—Å—Å–∏—á–µ—Å–∫
                           –æ–º –æ–¥–Ω–æ—Ä–æ–¥–Ω–æ–º –º–Ω–æ–≥–æ—è–¥–µ—Ä–Ω–æ–...

You may provide a definition with
\DeclareUnicodeCharacter 


! LaTeX Error: Unicode character –æ (U+043E)
               not set up for use with LaTeX.

See the LaTeX manual or LaTeX Companion for explanation.
Type  H <return>  for immediate help.
 ...                                              
                                                  
l.4 –í –∫–ª–∞—Å—Å–∏—á–µ—Å–∫–æ
                             –º –æ–¥–Ω–æ—Ä–æ–¥–Ω–æ–º –º–Ω–æ–≥–æ—è–¥–µ—Ä–Ω–æ–...

You may provide a definition with
\DeclareUnicodeCharacter 


! LaTeX Error: Unicode character –º (U+043C)
               not set up for use with LaTeX.

See the LaTeX manual or LaTeX Companion for explanation.
Type  H <return>  for immediate help.
 ...                                              
                                                  
l.4 –í –∫–ª–∞—Å—Å–∏—á–µ—Å–∫–æ–º
                                –æ–¥–Ω–æ—Ä–æ–¥–Ω–æ–º –º–Ω–æ–≥–æ—è–¥–µ—Ä–Ω–æ–...

You may provide a definition with
\DeclareUnicodeCharacter 


! LaTeX Error: Unicode character –æ (U+043E)
               not set up for use with LaTeX.

See the LaTeX manual or LaTeX Companion for explanation.
Type  H <return>  for immediate help.
 ...                                              
                                                  
l.4 –í –∫–ª–∞—Å—Å–∏—á–µ—Å–∫–æ–º –æ
                                  –¥–Ω–æ—Ä–æ–¥–Ω–æ–º –º–Ω–æ–≥–æ—è–¥–µ—Ä–Ω–æ–...

You may provide a definition with
\DeclareUnicodeCharacter 


! LaTeX Error: Unicode character –¥ (U+0434)
               not set up for use with LaTeX.

See the LaTeX manual or LaTeX Companion for explanation.
Type  H <return>  for immediate help.
 ...                                              
                                                  
l.4 –í –∫–ª–∞—Å—Å–∏—á–µ—Å–∫–æ–º –æ–¥
                                    –Ω–æ—Ä–æ–¥–Ω–æ–º –º–Ω–æ–≥–æ—è–¥–µ—Ä–Ω–æ–...

You may provide a definition with
\DeclareUnicodeCharacter 


! LaTeX Error: Unicode character –Ω (U+043D)
               not set up for use with LaTeX.

See the LaTeX manual or LaTeX Companion for explanation.
Type  H <return>  for immediate help.
 ...                                              
                                                  
l.4 –í –∫–ª–∞—Å—Å–∏—á–µ—Å–∫–æ–º –æ–¥–Ω
                                      –æ—Ä–æ–¥–Ω–æ–º –º–Ω–æ–≥–æ—è–¥–µ—Ä–Ω–æ–...

You may provide a definition with
\DeclareUnicodeCharacter 


! LaTeX Error: Unicode character –æ (U+043E)
               not set up for use with LaTeX.

See the LaTeX manual or LaTeX Companion for explanation.
Type  H <return>  for immediate help.
 ...                                              
                                                  
l.4 –í –∫–ª–∞—Å—Å–∏—á–µ—Å–∫–æ–º –æ–¥–Ω–æ
                                        —Ä–æ–¥–Ω–æ–º –º–Ω–æ–≥–æ—è–¥–µ—Ä–Ω–æ–...

You may provide a definition with
\DeclareUnicodeCharacter 


! LaTeX Error: Unicode character —Ä (U+0440)
               not set up for use with LaTeX.

See the LaTeX manual or LaTeX Companion for explanation.
Type  H <return>  for immediate help.
 ...                                              
                                                  
l.4 –í –∫–ª–∞—Å—Å–∏—á–µ—Å–∫–æ–º –æ–¥–Ω–æ—Ä
                                          –æ–¥–Ω–æ–º –º–Ω–æ–≥–æ—è–¥–µ—Ä–Ω–æ–...

You may provide a definition with
\DeclareUnicodeCharacter 


! LaTeX Error: Unicode character –æ (U+043E)
               not set up for use with LaTeX.

See the LaTeX manual or LaTeX Companion for explanation.
Type  H <return>  for immediate help.
 ...                                              
                                                  
l.4 –í –∫–ª–∞—Å—Å–∏—á–µ—Å–∫–æ–º –æ–¥–Ω–æ—Ä–æ
                                            –¥–Ω–æ–º –º–Ω–æ–≥–æ—è–¥–µ—Ä–Ω–æ–...

You may provide a definition with
\DeclareUnicodeCharacter 


! LaTeX Error: Unicode character –¥ (U+0434)
               not set up for use with LaTeX.

See the LaTeX manual or LaTeX Companion for explanation.
Type  H <return>  for immediate help.
 ...                                              
                                                  
l.4 –í –∫–ª–∞—Å—Å–∏—á–µ—Å–∫–æ–º –æ–¥–Ω–æ—Ä–æ–¥
                                              –Ω–æ–º –º–Ω–æ–≥–æ—è–¥–µ—Ä–Ω–æ–...

You may provide a definition with
\DeclareUnicodeCharacter 


! LaTeX Error: Unicode character –Ω (U+043D)
               not set up for use with LaTeX.

See the LaTeX manual or LaTeX Companion for explanation.
Type  H <return>  for immediate help.
 ...                                              
                                                  
l.4 –í –∫–ª–∞—Å—Å–∏—á–µ—Å–∫–æ–º –æ–¥–Ω–æ—Ä–æ–¥–Ω
                                                –æ–º –º–Ω–æ–≥–æ—è–¥–µ—Ä–Ω–æ–...

You may provide a definition with
\DeclareUnicodeCharacter 


! LaTeX Error: Unicode character –æ (U+043E)
               not set up for use with LaTeX.

See the LaTeX manual or LaTeX Companion for explanation.
Type  H <return>  for immediate help.
 ...                                              
                                                  
l.4 –í –∫–ª–∞—Å—Å–∏—á–µ—Å–∫–æ–º –æ–¥–Ω–æ—Ä–æ–¥–Ω–æ
                                                  –º –º–Ω–æ–≥–æ—è–¥–µ—Ä–Ω–æ–...

You may provide a definition with
\DeclareUnicodeCharacter 


! LaTeX Error: Unicode character –º (U+043C)
               not set up for use with LaTeX.

See the LaTeX manual or LaTeX Companion for explanation.
Type  H <return>  for immediate help.
 ...                                              
                                                  
l.4 ...–ª–∞—Å—Å–∏—á–µ—Å–∫–æ–º –æ–¥–Ω–æ—Ä–æ–¥–Ω–æ–º
                                                   –º–Ω–æ–≥–æ—è–¥–µ—Ä–Ω–æ–º ...

You may provide a definition with
\DeclareUnicodeCharacter 


! LaTeX Error: Unicode character –º (U+043C)
               not set up for use with LaTeX.

See the LaTeX manual or LaTeX Companion for explanation.
Type  H <return>  for immediate help.
 ...                                              
                                                  
l.4 ...∞—Å—Å–∏—á–µ—Å–∫–æ–º –æ–¥–Ω–æ—Ä–æ–¥–Ω–æ–º –º
                                                  –Ω–æ–≥–æ—è–¥–µ—Ä–Ω–æ–º –ø–...

You may provide a definition with
\DeclareUnicodeCharacter 


! LaTeX Error: Unicode character –Ω (U+043D)
               not set up for use with LaTeX.

See the LaTeX manual or LaTeX Companion for explanation.
Type  H <return>  for immediate help.
 ...                                              
                                                  
l.4 ...Å—Å–∏—á–µ—Å–∫–æ–º –æ–¥–Ω–æ—Ä–æ–¥–Ω–æ–º –º–Ω
                                                  –æ–≥–æ—è–¥–µ—Ä–Ω–æ–º –ø–ª–...

You may provide a definition with
\DeclareUnicodeCharacter 


! LaTeX Error: Unicode character –æ (U+043E)
               not set up for use with LaTeX.

See the LaTeX manual or LaTeX Companion for explanation.
Type  H <return>  for immediate help.
 ...                                              
                                                  
l.4 ...Å–∏—á–µ—Å–∫–æ–º –æ–¥–Ω–æ—Ä–æ–¥–Ω–æ–º –º–Ω–æ
                                                  –≥–æ—è–¥–µ—Ä–Ω–æ–º –ø–ª–∞–...

You may provide a definition with
\DeclareUnicodeCharacter 


! LaTeX Error: Unicode character –≥ (U+0433)
               not set up for use with LaTeX.

See the LaTeX manual or LaTeX Companion for explanation.
Type  H <return>  for immediate help.
 ...                                              
                                                  
l.4 ...∏—á–µ—Å–∫–æ–º –æ–¥–Ω–æ—Ä–æ–¥–Ω–æ–º –º–Ω–æ–≥
                                                  –æ—è–¥–µ—Ä–Ω–æ–º –ø–ª–∞–Ω–...

You may provide a definition with
\DeclareUnicodeCharacter 


! LaTeX Error: Unicode character –æ (U+043E)
               not set up for use with LaTeX.

See the LaTeX manual or LaTeX Companion for explanation.
Type  H <return>  for immediate help.
 ...                                              
                                                  
l.4 ...á–µ—Å–∫–æ–º –æ–¥–Ω–æ—Ä–æ–¥–Ω–æ–º –º–Ω–æ–≥–æ
                                                  —è–¥–µ—Ä–Ω–æ–º –ø–ª–∞–Ω–∏—...

You may provide a definition with
\DeclareUnicodeCharacter 


! LaTeX Error: Unicode character —è (U+044F)
               not set up for use with LaTeX.

See the LaTeX manual or LaTeX Companion for explanation.
Type  H <return>  for immediate help.
 ...                                              
                                                  
l.4 ...µ—Å–∫–æ–º –æ–¥–Ω–æ—Ä–æ–¥–Ω–æ–º –º–Ω–æ–≥–æ—è
                                                  –¥–µ—Ä–Ω–æ–º –ø–ª–∞–Ω–∏—Ä–...

You may provide a definition with
\DeclareUnicodeCharacter 


! LaTeX Error: Unicode character –¥ (U+0434)
               not set up for use with LaTeX.

See the LaTeX manual or LaTeX Companion for explanation.
Type  H <return>  for immediate help.
 ...                                              
                                                  
l.4 ...Å–∫–æ–º –æ–¥–Ω–æ—Ä–æ–¥–Ω–æ–º –º–Ω–æ–≥–æ—è–¥
                                                  –µ—Ä–Ω–æ–º –ø–ª–∞–Ω–∏—Ä–æ–...

You may provide a definition with
\DeclareUnicodeCharacter 


! LaTeX Error: Unicode character –µ (U+0435)
               not set up for use with LaTeX.

See the LaTeX manual or LaTeX Companion for explanation.
Type  H <return>  for immediate help.
 ...                                              
                                                  
l.4 ...∫–æ–º –æ–¥–Ω–æ—Ä–æ–¥–Ω–æ–º –º–Ω–æ–≥–æ—è–¥–µ
                                                  —Ä–Ω–æ–º –ø–ª–∞–Ω–∏—Ä–æ–≤–...

You may provide a definition with
\DeclareUnicodeCharacter 


! LaTeX Error: Unicode character —Ä (U+0440)
               not set up for use with LaTeX.

See the LaTeX manual or LaTeX Companion for explanation.
Type  H <return>  for immediate help.
 ...                                              
                                                  
l.4 ...æ–º –æ–¥–Ω–æ—Ä–æ–¥–Ω–æ–º –º–Ω–æ–≥–æ—è–¥–µ—Ä
                                                  –Ω–æ–º –ø–ª–∞–Ω–∏—Ä–æ–≤–∞–...

You may provide a definition with
\DeclareUnicodeCharacter 


! LaTeX Error: Unicode character –Ω (U+043D)
               not set up for use with LaTeX.

See the LaTeX manual or LaTeX Companion for explanation.
Type  H <return>  for immediate help.
 ...                                              
                                                  
l.4 ...º –æ–¥–Ω–æ—Ä–æ–¥–Ω–æ–º –º–Ω–æ–≥–æ—è–¥–µ—Ä–Ω
                                                  –æ–º –ø–ª–∞–Ω–∏—Ä–æ–≤–∞–Ω–...

You may provide a definition with
\DeclareUnicodeCharacter 


! LaTeX Error: Unicode character –æ (U+043E)
               not set up for use with LaTeX.

See the LaTeX manual or LaTeX Companion for explanation.
Type  H <return>  for immediate help.
 ...                                              
                                                  
l.4 ...–æ–¥–Ω–æ—Ä–æ–¥–Ω–æ–º –º–Ω–æ–≥–æ—è–¥–µ—Ä–Ω–æ
                                                  –º –ø–ª–∞–Ω–∏—Ä–æ–≤–∞–Ω–∏–...

You may provide a definition with
\DeclareUnicodeCharacter 


! LaTeX Error: Unicode character –º (U+043C)
               not set up for use with LaTeX.

See the LaTeX manual or LaTeX Companion for explanation.
Type  H <return>  for immediate help.
 ...                                              
                                                  
l.4 ...–¥–Ω–æ—Ä–æ–¥–Ω–æ–º –º–Ω–æ–≥–æ—è–¥–µ—Ä–Ω–æ–º
                                                   –ø–ª–∞–Ω–∏—Ä–æ–≤–∞–Ω–∏–∏ ...

You may provide a definition with
\DeclareUnicodeCharacter 


! LaTeX Error: Unicode character –ø (U+043F)
               not set up for use with LaTeX.

See the LaTeX manual or LaTeX Companion for explanation.
Type  H <return>  for immediate help.
 ...                                              
                                                  
l.4 ...Ω–æ—Ä–æ–¥–Ω–æ–º –º–Ω–æ–≥–æ—è–¥–µ—Ä–Ω–æ–º –ø
                                                  –ª–∞–Ω–∏—Ä–æ–≤–∞–Ω–∏–∏ –ø–...

You may provide a definition with
\DeclareUnicodeCharacter 


! LaTeX Error: Unicode character –ª (U+043B)
               not set up for use with LaTeX.

See the LaTeX manual or LaTeX Companion for explanation.
Type  H <return>  for immediate help.
 ...                                              
                                                  
l.4 ...æ—Ä–æ–¥–Ω–æ–º –º–Ω–æ–≥–æ—è–¥–µ—Ä–Ω–æ–º –ø–ª
                                                  –∞–Ω–∏—Ä–æ–≤–∞–Ω–∏–∏ –ø–ª–...

You may provide a definition with
\DeclareUnicodeCharacter 


! LaTeX Error: Unicode character –∞ (U+0430)
               not set up for use with LaTeX.

See the LaTeX manual or LaTeX Companion for explanation.
Type  H <return>  for immediate help.
 ...                                              
                                                  
l.4 ...Ä–æ–¥–Ω–æ–º –º–Ω–æ–≥–æ—è–¥–µ—Ä–Ω–æ–º –ø–ª–∞
                                                  –Ω–∏—Ä–æ–≤–∞–Ω–∏–∏ –ø–ª–∞–...

You may provide a definition with
\DeclareUnicodeCharacter 


! LaTeX Error: Unicode character –Ω (U+043D)
               not set up for use with LaTeX.

See the LaTeX manual or LaTeX Companion for explanation.
Type  H <return>  for immediate help.
 ...                                              
                                                  
l.4 ...æ–¥–Ω–æ–º –º–Ω–æ–≥–æ—è–¥–µ—Ä–Ω–æ–º –ø–ª–∞–Ω
                                                  –∏—Ä–æ–≤–∞–Ω–∏–∏ –ø–ª–∞–Ω–...

You may provide a definition with
\DeclareUnicodeCharacter 


! LaTeX Error: Unicode character –∏ (U+0438)
               not set up for use with LaTeX.

See the LaTeX manual or LaTeX Companion for explanation.
Type  H <return>  for immediate help.
 ...                                              
                                                  
l.4 ...¥–Ω–æ–º –º–Ω–æ–≥–æ—è–¥–µ—Ä–Ω–æ–º –ø–ª–∞–Ω–∏
                                                  —Ä–æ–≤–∞–Ω–∏–∏ –ø–ª–∞–Ω–∏—...

You may provide a definition with
\DeclareUnicodeCharacter 


! LaTeX Error: Unicode character —Ä (U+0440)
               not set up for use with LaTeX.

See the LaTeX manual or LaTeX Companion for explanation.
Type  H <return>  for immediate help.
 ...                                              
                                                  
l.4 ...Ω–æ–º –º–Ω–æ–≥–æ—è–¥–µ—Ä–Ω–æ–º –ø–ª–∞–Ω–∏—Ä
                                                  –æ–≤–∞–Ω–∏–∏ –ø–ª–∞–Ω–∏—Ä–...

You may provide a definition with
\DeclareUnicodeCharacter 


! LaTeX Error: Unicode character –æ (U+043E)
               not set up for use with LaTeX.

See the LaTeX manual or LaTeX Companion for explanation.
Type  H <return>  for immediate help.
 ...                                              
                                                  
l.4 ...æ–º –º–Ω–æ–≥–æ—è–¥–µ—Ä–Ω–æ–º –ø–ª–∞–Ω–∏—Ä–æ
                                                  –≤–∞–Ω–∏–∏ –ø–ª–∞–Ω–∏—Ä–æ–...

You may provide a definition with
\DeclareUnicodeCharacter 


! LaTeX Error: Unicode character –≤ (U+0432)
               not set up for use with LaTeX.

See the LaTeX manual or LaTeX Companion for explanation.
Type  H <return>  for immediate help.
 ...                                              
                                                  
l.4 ...º –º–Ω–æ–≥–æ—è–¥–µ—Ä–Ω–æ–º –ø–ª–∞–Ω–∏—Ä–æ–≤
                                                  –∞–Ω–∏–∏ –ø–ª–∞–Ω–∏—Ä–æ–≤—...

You may provide a definition with
\DeclareUnicodeCharacter 


! LaTeX Error: Unicode character –∞ (U+0430)
               not set up for use with LaTeX.

See the LaTeX manual or LaTeX Companion for explanation.
Type  H <return>  for immediate help.
 ...                                              
                                                  
l.4 ...–º–Ω–æ–≥–æ—è–¥–µ—Ä–Ω–æ–º –ø–ª–∞–Ω–∏—Ä–æ–≤–∞
                                                  –Ω–∏–∏ –ø–ª–∞–Ω–∏—Ä–æ–≤—â–...

You may provide a definition with
\DeclareUnicodeCharacter 


! LaTeX Error: Unicode character –Ω (U+043D)
               not set up for use with LaTeX.

See the LaTeX manual or LaTeX Companion for explanation.
Type  H <return>  for immediate help.
 ...                                              
                                                  
l.4 ...–Ω–æ–≥–æ—è–¥–µ—Ä–Ω–æ–º –ø–ª–∞–Ω–∏—Ä–æ–≤–∞–Ω
                                                  –∏–∏ –ø–ª–∞–Ω–∏—Ä–æ–≤—â–∏–...

You may provide a definition with
\DeclareUnicodeCharacter 


! LaTeX Error: Unicode character –∏ (U+0438)
               not set up for use with LaTeX.

See the LaTeX manual or LaTeX Companion for explanation.
Type  H <return>  for immediate help.
 ...                                              
                                                  
l.4 ...–æ–≥–æ—è–¥–µ—Ä–Ω–æ–º –ø–ª–∞–Ω–∏—Ä–æ–≤–∞–Ω–∏
                                                  –∏ –ø–ª–∞–Ω–∏—Ä–æ–≤—â–∏–∫ ...

You may provide a definition with
\DeclareUnicodeCharacter 


! LaTeX Error: Unicode character –∏ (U+0438)
               not set up for use with LaTeX.

See the LaTeX manual or LaTeX Companion for explanation.
Type  H <return>  for immediate help.
 ...                                              
                                                  
l.4 ...–≥–æ—è–¥–µ—Ä–Ω–æ–º –ø–ª–∞–Ω–∏—Ä–æ–≤–∞–Ω–∏–∏
                                                   –ø–ª–∞–Ω–∏—Ä–æ–≤—â–∏–∫ –æ...

You may provide a definition with
\DeclareUnicodeCharacter 


! LaTeX Error: Unicode character –ø (U+043F)
               not set up for use with LaTeX.

See the LaTeX manual or LaTeX Companion for explanation.
Type  H <return>  for immediate help.
 ...                                              
                                                  
l.4 ...æ—è–¥–µ—Ä–Ω–æ–º –ø–ª–∞–Ω–∏—Ä–æ–≤–∞–Ω–∏–∏ –ø
                                                  –ª–∞–Ω–∏—Ä–æ–≤—â–∏–∫ –æ–ø–...

You may provide a definition with
\DeclareUnicodeCharacter 


! LaTeX Error: Unicode character –ª (U+043B)
               not set up for use with LaTeX.

See the LaTeX manual or LaTeX Companion for explanation.
Type  H <return>  for immediate help.
 ...                                              
                                                  
l.4 ...è–¥–µ—Ä–Ω–æ–º –ø–ª–∞–Ω–∏—Ä–æ–≤–∞–Ω–∏–∏ –ø–ª
                                                  –∞–Ω–∏—Ä–æ–≤—â–∏–∫ –æ–ø–µ—...

You may provide a definition with
\DeclareUnicodeCharacter 


! LaTeX Error: Unicode character –∞ (U+0430)
               not set up for use with LaTeX.

See the LaTeX manual or LaTeX Companion for explanation.
Type  H <return>  for immediate help.
 ...                                              
                                                  
l.4 ...¥–µ—Ä–Ω–æ–º –ø–ª–∞–Ω–∏—Ä–æ–≤–∞–Ω–∏–∏ –ø–ª–∞
                                                  –Ω–∏—Ä–æ–≤—â–∏–∫ –æ–ø–µ—Ä–...

You may provide a definition with
\DeclareUnicodeCharacter 


! LaTeX Error: Unicode character –Ω (U+043D)
               not set up for use with LaTeX.

See the LaTeX manual or LaTeX Companion for explanation.
Type  H <return>  for immediate help.
 ...                                              
                                                  
l.4 ...µ—Ä–Ω–æ–º –ø–ª–∞–Ω–∏—Ä–æ–≤–∞–Ω–∏–∏ –ø–ª–∞–Ω
                                                  –∏—Ä–æ–≤—â–∏–∫ –æ–ø–µ—Ä–∞—...

You may provide a definition with
\DeclareUnicodeCharacter 


! LaTeX Error: Unicode character –∏ (U+0438)
               not set up for use with LaTeX.

See the LaTeX manual or LaTeX Companion for explanation.
Type  H <return>  for immediate help.
 ...                                              
                                                  
l.4 ...Ä–Ω–æ–º –ø–ª–∞–Ω–∏—Ä–æ–≤–∞–Ω–∏–∏ –ø–ª–∞–Ω–∏
                                                  —Ä–æ–≤—â–∏–∫ –æ–ø–µ—Ä–∞—Ü–...

You may provide a definition with
\DeclareUnicodeCharacter 


! LaTeX Error: Unicode character —Ä (U+0440)
               not set up for use with LaTeX.

See the LaTeX manual or LaTeX Companion for explanation.
Type  H <return>  for immediate help.
 ...                                              
                                                  
l.4 ...Ω–æ–º –ø–ª–∞–Ω–∏—Ä–æ–≤–∞–Ω–∏–∏ –ø–ª–∞–Ω–∏—Ä
                                                  –æ–≤—â–∏–∫ –æ–ø–µ—Ä–∞—Ü–∏–...

You may provide a definition with
\DeclareUnicodeCharacter 


! LaTeX Error: Unicode character –æ (U+043E)
               not set up for use with LaTeX.

See the LaTeX manual or LaTeX Companion for explanation.
Type  H <return>  for immediate help.
 ...                                              
                                                  
l.4 ...æ–º –ø–ª–∞–Ω–∏—Ä–æ–≤–∞–Ω–∏–∏ –ø–ª–∞–Ω–∏—Ä–æ
                                                  –≤—â–∏–∫ –æ–ø–µ—Ä–∞—Ü–∏–æ–...

You may provide a definition with
\DeclareUnicodeCharacter 


! LaTeX Error: Unicode character –≤ (U+0432)
               not set up for use with LaTeX.

See the LaTeX manual or LaTeX Companion for explanation.
Type  H <return>  for immediate help.
 ...                                              
                                                  
l.4 ...º –ø–ª–∞–Ω–∏—Ä–æ–≤–∞–Ω–∏–∏ –ø–ª–∞–Ω–∏—Ä–æ–≤
                                                  —â–∏–∫ –æ–ø–µ—Ä–∞—Ü–∏–æ–Ω–...

You may provide a definition with
\DeclareUnicodeCharacter 


! LaTeX Error: Unicode character —â (U+0449)
               not set up for use with LaTeX.

See the LaTeX manual or LaTeX Companion for explanation.
Type  H <return>  for immediate help.
 ...                                              
                                                  
l.4 ...–ø–ª–∞–Ω–∏—Ä–æ–≤–∞–Ω–∏–∏ –ø–ª–∞–Ω–∏—Ä–æ–≤—â
                                                  –∏–∫ –æ–ø–µ—Ä–∞—Ü–∏–æ–Ω–Ω–...

You may provide a definition with
\DeclareUnicodeCharacter 


! LaTeX Error: Unicode character –∏ (U+0438)
               not set up for use with LaTeX.

See the LaTeX manual or LaTeX Companion for explanation.
Type  H <return>  for immediate help.
 ...                                              
                                                  
l.4 ...–ª–∞–Ω–∏—Ä–æ–≤–∞–Ω–∏–∏ –ø–ª–∞–Ω–∏—Ä–æ–≤—â–∏
                                                  –∫ –æ–ø–µ—Ä–∞—Ü–∏–æ–Ω–Ω–æ–...

You may provide a definition with
\DeclareUnicodeCharacter 


! LaTeX Error: Unicode character –∫ (U+043A)
               not set up for use with LaTeX.

See the LaTeX manual or LaTeX Companion for explanation.
Type  H <return>  for immediate help.
 ...                                              
                                                  
l.4 ...–∞–Ω–∏—Ä–æ–≤–∞–Ω–∏–∏ –ø–ª–∞–Ω–∏—Ä–æ–≤—â–∏–∫
                                                   –æ–ø–µ—Ä–∞—Ü–∏–æ–Ω–Ω–æ–π ...

You may provide a definition with
\DeclareUnicodeCharacter 


! LaTeX Error: Unicode character –æ (U+043E)
               not set up for use with LaTeX.

See the LaTeX manual or LaTeX Companion for explanation.
Type  H <return>  for immediate help.
 ...                                              
                                                  
l.4 ...Ω–∏—Ä–æ–≤–∞–Ω–∏–∏ –ø–ª–∞–Ω–∏—Ä–æ–≤—â–∏–∫ –æ
                                                  –ø–µ—Ä–∞—Ü–∏–æ–Ω–Ω–æ–π —Å–...

You may provide a definition with
\DeclareUnicodeCharacter 


! LaTeX Error: Unicode character –ø (U+043F)
               not set up for use with LaTeX.

See the LaTeX manual or LaTeX Companion for explanation.
Type  H <return>  for immediate help.
 ...                                              
                                                  
l.4 ...∏—Ä–æ–≤–∞–Ω–∏–∏ –ø–ª–∞–Ω–∏—Ä–æ–≤—â–∏–∫ –æ–ø
                                                  –µ—Ä–∞—Ü–∏–æ–Ω–Ω–æ–π —Å–∏—...

You may provide a definition with
\DeclareUnicodeCharacter 


! LaTeX Error: Unicode character –µ (U+0435)
               not set up for use with LaTeX.

See the LaTeX manual or LaTeX Companion for explanation.
Type  H <return>  for immediate help.
 ...                                              
                                                  
l.4 ...Ä–æ–≤–∞–Ω–∏–∏ –ø–ª–∞–Ω–∏—Ä–æ–≤—â–∏–∫ –æ–ø–µ
                                                  —Ä–∞—Ü–∏–æ–Ω–Ω–æ–π —Å–∏—Å—...

You may provide a definition with
\DeclareUnicodeCharacter 


! LaTeX Error: Unicode character —Ä (U+0440)
               not set up for use with LaTeX.

See the LaTeX manual or LaTeX Companion for explanation.
Type  H <return>  for immediate help.
 ...                                              
                                                  
l.4 ...æ–≤–∞–Ω–∏–∏ –ø–ª–∞–Ω–∏—Ä–æ–≤—â–∏–∫ –æ–ø–µ—Ä
                                                  –∞—Ü–∏–æ–Ω–Ω–æ–π —Å–∏—Å—Ç–...

You may provide a definition with
\DeclareUnicodeCharacter 


! LaTeX Error: Unicode character –∞ (U+0430)
               not set up for use with LaTeX.

See the LaTeX manual or LaTeX Companion for explanation.
Type  H <return>  for immediate help.
 ...                                              
                                                  
l.4 ...≤–∞–Ω–∏–∏ –ø–ª–∞–Ω–∏—Ä–æ–≤—â–∏–∫ –æ–ø–µ—Ä–∞
                                                  —Ü–∏–æ–Ω–Ω–æ–π —Å–∏—Å—Ç–µ–...

You may provide a definition with
\DeclareUnicodeCharacter 


! LaTeX Error: Unicode character —Ü (U+0446)
               not set up for use with LaTeX.

See the LaTeX manual or LaTeX Companion for explanation.
Type  H <return>  for immediate help.
 ...                                              
                                                  
l.4 ...∞–Ω–∏–∏ –ø–ª–∞–Ω–∏—Ä–æ–≤—â–∏–∫ –æ–ø–µ—Ä–∞—Ü
                                                  –∏–æ–Ω–Ω–æ–π —Å–∏—Å—Ç–µ–º—...

You may provide a definition with
\DeclareUnicodeCharacter 


! LaTeX Error: Unicode character –∏ (U+0438)
               not set up for use with LaTeX.

See the LaTeX manual or LaTeX Companion for explanation.
Type  H <return>  for immediate help.
 ...                                              
                                                  
l.4 ...Ω–∏–∏ –ø–ª–∞–Ω–∏—Ä–æ–≤—â–∏–∫ –æ–ø–µ—Ä–∞—Ü–∏
                                                  –æ–Ω–Ω–æ–π —Å–∏—Å—Ç–µ–º—ã ...

You may provide a definition with
\DeclareUnicodeCharacter 


! LaTeX Error: Unicode character –æ (U+043E)
               not set up for use with LaTeX.

See the LaTeX manual or LaTeX Companion for explanation.
Type  H <return>  for immediate help.
 ...                                              
                                                  
l.4 ...∏–∏ –ø–ª–∞–Ω–∏—Ä–æ–≤—â–∏–∫ –æ–ø–µ—Ä–∞—Ü–∏–æ
                                                  –Ω–Ω–æ–π —Å–∏—Å—Ç–µ–º—ã —Ä...

You may provide a definition with
\DeclareUnicodeCharacter 


! LaTeX Error: Unicode character –Ω (U+043D)
               not set up for use with LaTeX.

See the LaTeX manual or LaTeX Companion for explanation.
Type  H <return>  for immediate help.
 ...                                              
                                                  
l.4 ...∏ –ø–ª–∞–Ω–∏—Ä–æ–≤—â–∏–∫ –æ–ø–µ—Ä–∞—Ü–∏–æ–Ω
                                                  –Ω–æ–π —Å–∏—Å—Ç–µ–º—ã —Ä–∞...

You may provide a definition with
\DeclareUnicodeCharacter 


! LaTeX Error: Unicode character –Ω (U+043D)
               not set up for use with LaTeX.

See the LaTeX manual or LaTeX Companion for explanation.
Type  H <return>  for immediate help.
 ...                                              
                                                  
l.4 ...–ø–ª–∞–Ω–∏—Ä–æ–≤—â–∏–∫ –æ–ø–µ—Ä–∞—Ü–∏–æ–Ω–Ω
                                                  –æ–π —Å–∏—Å—Ç–µ–º—ã —Ä–∞—Å...

You may provide a definition with
\DeclareUnicodeCharacter 


! LaTeX Error: Unicode character –æ (U+043E)
               not set up for use with LaTeX.

See the LaTeX manual or LaTeX Companion for explanation.
Type  H <return>  for immediate help.
 ...                                              
                                                  
l.4 ...–ª–∞–Ω–∏—Ä–æ–≤—â–∏–∫ –æ–ø–µ—Ä–∞—Ü–∏–æ–Ω–Ω–æ
                                                  –π —Å–∏—Å—Ç–µ–º—ã —Ä–∞—Å–ø...

You may provide a definition with
\DeclareUnicodeCharacter 


! LaTeX Error: Unicode character –π (U+0439)
               not set up for use with LaTeX.

See the LaTeX manual or LaTeX Companion for explanation.
Type  H <return>  for immediate help.
 ...                                              
                                                  
l.4 ...–∞–Ω–∏—Ä–æ–≤—â–∏–∫ –æ–ø–µ—Ä–∞—Ü–∏–æ–Ω–Ω–æ–π
                                                   —Å–∏—Å—Ç–µ–º—ã —Ä–∞—Å–ø—Ä...

You may provide a definition with
\DeclareUnicodeCharacter 


! LaTeX Error: Unicode character —Å (U+0441)
               not set up for use with LaTeX.

See the LaTeX manual or LaTeX Companion for explanation.
Type  H <return>  for immediate help.
 ...                                              
                                                  
l.4 ...Ω–∏—Ä–æ–≤—â–∏–∫ –æ–ø–µ—Ä–∞—Ü–∏–æ–Ω–Ω–æ–π —Å
                                                  –∏—Å—Ç–µ–º—ã —Ä–∞—Å–ø—Ä–µ–...

You may provide a definition with
\DeclareUnicodeCharacter 


! LaTeX Error: Unicode character –∏ (U+0438)
               not set up for use with LaTeX.

See the LaTeX manual or LaTeX Companion for explanation.
Type  H <return>  for immediate help.
 ...                                              
                                                  
l.4 ...∏—Ä–æ–≤—â–∏–∫ –æ–ø–µ—Ä–∞—Ü–∏–æ–Ω–Ω–æ–π —Å–∏
                                                  —Å—Ç–µ–º—ã —Ä–∞—Å–ø—Ä–µ–¥–...

You may provide a definition with
\DeclareUnicodeCharacter 


! LaTeX Error: Unicode character —Å (U+0441)
               not set up for use with LaTeX.

See the LaTeX manual or LaTeX Companion for explanation.
Type  H <return>  for immediate help.
 ...                                              
                                                  
l.4 ...Ä–æ–≤—â–∏–∫ –æ–ø–µ—Ä–∞—Ü–∏–æ–Ω–Ω–æ–π —Å–∏—Å
                                                  —Ç–µ–º—ã —Ä–∞—Å–ø—Ä–µ–¥–µ–...

You may provide a definition with
\DeclareUnicodeCharacter 


! LaTeX Error: Unicode character —Ç (U+0442)
               not set up for use with LaTeX.

See the LaTeX manual or LaTeX Companion for explanation.
Type  H <return>  for immediate help.
 ...                                              
                                                  
l.4 ...æ–≤—â–∏–∫ –æ–ø–µ—Ä–∞—Ü–∏–æ–Ω–Ω–æ–π —Å–∏—Å—Ç
                                                  –µ–º—ã —Ä–∞—Å–ø—Ä–µ–¥–µ–ª—...

You may provide a definition with
\DeclareUnicodeCharacter 


! LaTeX Error: Unicode character –µ (U+0435)
               not set up for use with LaTeX.

See the LaTeX manual or LaTeX Companion for explanation.
Type  H <return>  for immediate help.
 ...                                              
                                                  
l.4 ...≤—â–∏–∫ –æ–ø–µ—Ä–∞—Ü–∏–æ–Ω–Ω–æ–π —Å–∏—Å—Ç–µ
                                                  –º—ã —Ä–∞—Å–ø—Ä–µ–¥–µ–ª—è–...

You may provide a definition with
\DeclareUnicodeCharacter 


! LaTeX Error: Unicode character –º (U+043C)
               not set up for use with LaTeX.

See the LaTeX manual or LaTeX Companion for explanation.
Type  H <return>  for immediate help.
 ...                                              
                                                  
l.4 ...â–∏–∫ –æ–ø–µ—Ä–∞—Ü–∏–æ–Ω–Ω–æ–π —Å–∏—Å—Ç–µ–º
                                                  —ã —Ä–∞—Å–ø—Ä–µ–¥–µ–ª—è–µ—...

You may provide a definition with
\DeclareUnicodeCharacter 


! LaTeX Error: Unicode character —ã (U+044B)
               not set up for use with LaTeX.

See the LaTeX manual or LaTeX Companion for explanation.
Type  H <return>  for immediate help.
 ...                                              
                                                  
l.4 ...∏–∫ –æ–ø–µ—Ä–∞—Ü–∏–æ–Ω–Ω–æ–π —Å–∏—Å—Ç–µ–º—ã
                                                   —Ä–∞—Å–ø—Ä–µ–¥–µ–ª—è–µ—Ç ...

You may provide a definition with
\DeclareUnicodeCharacter 


! LaTeX Error: Unicode character —Ä (U+0440)
               not set up for use with LaTeX.

See the LaTeX manual or LaTeX Companion for explanation.
Type  H <return>  for immediate help.
 ...                                              
                                                  
l.4 ... –æ–ø–µ—Ä–∞—Ü–∏–æ–Ω–Ω–æ–π —Å–∏—Å—Ç–µ–º—ã —Ä
                                                  –∞—Å–ø—Ä–µ–¥–µ–ª—è–µ—Ç –¥–...

You may provide a definition with
\DeclareUnicodeCharacter 


! LaTeX Error: Unicode character –∞ (U+0430)
               not set up for use with LaTeX.

See the LaTeX manual or LaTeX Companion for explanation.
Type  H <return>  for immediate help.
 ...                                              
                                                  
l.4 ...æ–ø–µ—Ä–∞—Ü–∏–æ–Ω–Ω–æ–π —Å–∏—Å—Ç–µ–º—ã —Ä–∞
                                                  —Å–ø—Ä–µ–¥–µ–ª—è–µ—Ç –¥–æ—...

You may provide a definition with
\DeclareUnicodeCharacter 


! LaTeX Error: Unicode character —Å (U+0441)
               not set up for use with LaTeX.

See the LaTeX manual or LaTeX Companion for explanation.
Type  H <return>  for immediate help.
 ...                                              
                                                  
l.4 ...ø–µ—Ä–∞—Ü–∏–æ–Ω–Ω–æ–π —Å–∏—Å—Ç–µ–º—ã —Ä–∞—Å
                                                  –ø—Ä–µ–¥–µ–ª—è–µ—Ç –¥–æ—Å—...

You may provide a definition with
\DeclareUnicodeCharacter 


! LaTeX Error: Unicode character –ø (U+043F)
               not set up for use with LaTeX.

See the LaTeX manual or LaTeX Companion for explanation.
Type  H <return>  for immediate help.
 ...                                              
                                                  
l.4 ...µ—Ä–∞—Ü–∏–æ–Ω–Ω–æ–π —Å–∏—Å—Ç–µ–º—ã —Ä–∞—Å–ø
                                                  —Ä–µ–¥–µ–ª—è–µ—Ç –¥–æ—Å—Ç—...

You may provide a definition with
\DeclareUnicodeCharacter 


! LaTeX Error: Unicode character —Ä (U+0440)
               not set up for use with LaTeX.

See the LaTeX manual or LaTeX Companion for explanation.
Type  H <return>  for immediate help.
 ...                                              
                                                  
l.4 ...Ä–∞—Ü–∏–æ–Ω–Ω–æ–π —Å–∏—Å—Ç–µ–º—ã —Ä–∞—Å–ø—Ä
                                                  –µ–¥–µ–ª—è–µ—Ç –¥–æ—Å—Ç—É–...

You may provide a definition with
\DeclareUnicodeCharacter 


! LaTeX Error: Unicode character –µ (U+0435)
               not set up for use with LaTeX.

See the LaTeX manual or LaTeX Companion for explanation.
Type  H <return>  for immediate help.
 ...                                              
                                                  
l.4 ...∞—Ü–∏–æ–Ω–Ω–æ–π —Å–∏—Å—Ç–µ–º—ã —Ä–∞—Å–ø—Ä–µ
                                                  –¥–µ–ª—è–µ—Ç –¥–æ—Å—Ç—É–ø–...

You may provide a definition with
\DeclareUnicodeCharacter 


! LaTeX Error: Unicode character –¥ (U+0434)
               not set up for use with LaTeX.

See the LaTeX manual or LaTeX Companion for explanation.
Type  H <return>  for immediate help.
 ...                                              
                                                  
l.4 ...Ü–∏–æ–Ω–Ω–æ–π —Å–∏—Å—Ç–µ–º—ã —Ä–∞—Å–ø—Ä–µ–¥
                                                  –µ–ª—è–µ—Ç –¥–æ—Å—Ç—É–ø–Ω—...

You may provide a definition with
\DeclareUnicodeCharacter 


! LaTeX Error: Unicode character –µ (U+0435)
               not set up for use with LaTeX.

See the LaTeX manual or LaTeX Companion for explanation.
Type  H <return>  for immediate help.
 ...                                              
                                                  
l.4 ...∏–æ–Ω–Ω–æ–π —Å–∏—Å—Ç–µ–º—ã —Ä–∞—Å–ø—Ä–µ–¥–µ
                                                  –ª—è–µ—Ç –¥–æ—Å—Ç—É–ø–Ω—ã–...

You may provide a definition with
\DeclareUnicodeCharacter 


! LaTeX Error: Unicode character –ª (U+043B)
               not set up for use with LaTeX.

See the LaTeX manual or LaTeX Companion for explanation.
Type  H <return>  for immediate help.
 ...                                              
                                                  
l.4 ...æ–Ω–Ω–æ–π —Å–∏—Å—Ç–µ–º—ã —Ä–∞—Å–ø—Ä–µ–¥–µ–ª
                                                  —è–µ—Ç –¥–æ—Å—Ç—É–ø–Ω—ã–µ ...

You may provide a definition with
\DeclareUnicodeCharacter 


! LaTeX Error: Unicode character —è (U+044F)
               not set up for use with LaTeX.

See the LaTeX manual or LaTeX Companion for explanation.
Type  H <return>  for immediate help.
 ...                                              
                                                  
l.4 ...Ω–Ω–æ–π —Å–∏—Å—Ç–µ–º—ã —Ä–∞—Å–ø—Ä–µ–¥–µ–ª—è
                                                  –µ—Ç –¥–æ—Å—Ç—É–ø–Ω—ã–µ –æ...

You may provide a definition with
\DeclareUnicodeCharacter 


! LaTeX Error: Unicode character –µ (U+0435)
               not set up for use with LaTeX.

See the LaTeX manual or LaTeX Companion for explanation.
Type  H <return>  for immediate help.
 ...                                              
                                                  
l.4 ...Ω–æ–π —Å–∏—Å—Ç–µ–º—ã —Ä–∞—Å–ø—Ä–µ–¥–µ–ª—è–µ
                                                  —Ç –¥–æ—Å—Ç—É–ø–Ω—ã–µ –æ–¥...

You may provide a definition with
\DeclareUnicodeCharacter 


! LaTeX Error: Unicode character —Ç (U+0442)
               not set up for use with LaTeX.

See the LaTeX manual or LaTeX Companion for explanation.
Type  H <return>  for immediate help.
 ...                                              
                                                  
l.4 ...æ–π —Å–∏—Å—Ç–µ–º—ã —Ä–∞—Å–ø—Ä–µ–¥–µ–ª—è–µ—Ç
                                                   –¥–æ—Å—Ç—É–ø–Ω—ã–µ –æ–¥–Ω...

You may provide a definition with
\DeclareUnicodeCharacter 


! LaTeX Error: Unicode character –¥ (U+0434)
               not set up for use with LaTeX.

See the LaTeX manual or LaTeX Companion for explanation.
Type  H <return>  for immediate help.
 ...                                              
                                                  
l.4 ... —Å–∏—Å—Ç–µ–º—ã —Ä–∞—Å–ø—Ä–µ–¥–µ–ª—è–µ—Ç –¥
                                                  –æ—Å—Ç—É–ø–Ω—ã–µ –æ–¥–Ω–æ—...

You may provide a definition with
\DeclareUnicodeCharacter 


! LaTeX Error: Unicode character –æ (U+043E)
               not set up for use with LaTeX.

See the LaTeX manual or LaTeX Companion for explanation.
Type  H <return>  for immediate help.
 ...                                              
                                                  
l.4 ...Å–∏—Å—Ç–µ–º—ã —Ä–∞—Å–ø—Ä–µ–¥–µ–ª—è–µ—Ç –¥–æ
                                                  —Å—Ç—É–ø–Ω—ã–µ –æ–¥–Ω–æ—Ä–...
(That makes 100 errors; please try again.) 
Here is how much of TeX's memory you used:
 37 strings out of 473599
 641 string characters out of 5732716
 1925908 words of memory out of 5000000
 23013 multiletter control sequences out of 15000+600000
 558069 words of font info for 36 fonts, out of 8000000 for 9000
 1141 hyphenation exceptions out of 8191
 14i,0n,19p,1434b,22s stack positions out of 10000i,1000n,20000p,200000b,200000s

!  ==> Fatal error occurred, no output PDF file produced!
