\BOOKMARK [0][-]{chapter.1}{\376\377\000I\000n\000t\000r\000o\000d\000u\000c\000t\000i\000o\000n}{}% 1
\BOOKMARK [1][-]{section.1.1}{\376\377\000H\000e\000t\000e\000r\000o\000g\000e\000n\000e\000o\000u\000s\000\040\000s\000c\000h\000e\000d\000u\000l\000i\000n\000g}{chapter.1}% 2
\BOOKMARK [1][-]{section.1.2}{\376\377\000T\000o\000y\000\040\000s\000c\000h\000e\000d\000u\000l\000e\000\040\000e\000x\000a\000m\000p\000l\000e}{chapter.1}% 3
\BOOKMARK [1][-]{section.1.3}{\376\377\000C\000o\000n\000t\000r\000i\000b\000u\000t\000i\000o\000n}{chapter.1}% 4
\BOOKMARK [1][-]{section.1.4}{\376\377\000O\000r\000g\000a\000n\000i\000z\000a\000t\000i\000o\000n}{chapter.1}% 5
\BOOKMARK [0][-]{chapter.2}{\376\377\000S\000y\000s\000t\000e\000m\000\040\000M\000o\000d\000e\000l}{}% 6
\BOOKMARK [1][-]{section.2.1}{\376\377\000M\000a\000t\000h\000e\000m\000a\000t\000i\000c\000a\000l\000\040\000n\000o\000t\000a\000t\000i\000o\000n\000s}{chapter.2}% 7
\BOOKMARK [0][-]{chapter.3}{\376\377\000P\000r\000o\000c\000e\000s\000s\000o\000r\000\040\000S\000c\000h\000e\000d\000u\000l\000i\000n\000g\000\040\000S\000t\000r\000a\000t\000e\000g\000i\000e\000s}{}% 8
\BOOKMARK [1][-]{section.3.1}{\376\377\000S\000i\000n\000g\000l\000e\000\040\000p\000r\000o\000c\000e\000s\000s\000o\000r\000\040\000c\000a\000s\000e}{chapter.3}% 9
\BOOKMARK [1][-]{section.3.2}{\376\377\000H\000o\000m\000o\000g\000e\000n\000e\000o\000u\000s\000\040\000m\000u\000l\000t\000i\000p\000r\000o\000c\000e\000s\000s\000o\000r\000\040\000c\000a\000s\000e}{chapter.3}% 10
\BOOKMARK [1][-]{section.3.3}{\376\377\000H\000e\000t\000e\000r\000o\000g\000e\000n\000e\000o\000u\000s\000\040\000m\000u\000l\000t\000i\000p\000r\000o\000c\000e\000s\000s\000o\000r\000\040\000c\000a\000s\000e}{chapter.3}% 11
\BOOKMARK [1][-]{section.3.4}{\376\377\000S\000c\000h\000e\000d\000u\000l\000i\000n\000g\000\040\000t\000y\000p\000e\000s\000\040\000a\000n\000d\000\040\000o\000v\000e\000r\000h\000e\000a\000d\000s}{chapter.3}% 12
\BOOKMARK [1][-]{section.3.5}{\376\377\000E\000x\000i\000s\000t\000i\000n\000g\000\040\000h\000e\000t\000e\000r\000o\000g\000e\000n\000e\000o\000u\000s\000\040\000s\000c\000h\000e\000d\000u\000l\000e\000r\000s}{chapter.3}% 13
\BOOKMARK [0][-]{chapter.4}{\376\377\000P\000e\000r\000f\000o\000r\000m\000a\000n\000c\000e\000\040\000M\000e\000t\000r\000i\000c\000s\000\040\000o\000f\000\040\000P\000r\000o\000g\000r\000a\000m\000\040\000E\000x\000e\000c\000u\000t\000i\000o\000n}{}% 14
\BOOKMARK [1][-]{section.4.1}{\376\377\000T\000i\000m\000e\000\040\000p\000e\000r\000f\000o\000r\000m\000a\000n\000c\000e\000\040\000m\000e\000t\000r\000i\000c\000s}{chapter.4}% 15
\BOOKMARK [1][-]{section.4.2}{\376\377\000E\000n\000e\000r\000g\000y\000\040\000p\000e\000r\000f\000o\000r\000m\000a\000n\000c\000e\000\040\000m\000e\000t\000r\000i\000c\000s}{chapter.4}% 16
\BOOKMARK [1][-]{section.4.3}{\376\377\000O\000p\000t\000i\000m\000i\000z\000a\000t\000i\000o\000n\000\040\000o\000b\000j\000e\000c\000t\000i\000v\000e}{chapter.4}% 17
\BOOKMARK [0][-]{chapter.5}{\376\377\000O\000p\000t\000i\000m\000i\000z\000e\000d\000\040\000H\000e\000t\000e\000r\000o\000g\000e\000n\000e\000o\000u\000s\000\040\000S\000c\000h\000e\000d\000u\000l\000i\000n\000g\000D\000r\000i\000v\000e\000n\000\040\000b\000y\000\040\000S\000t\000a\000t\000e\000-\000T\000r\000a\000n\000s\000i\000t\000i\000o\000n\000\040\000G\000r\000a\000p\000h\000s}{}% 18
\BOOKMARK [1][-]{section.5.1}{\376\377\000S\000t\000e\000p\000\040\0001\000:\000\040\000I\000n\000d\000i\000v\000i\000d\000u\000a\000l\000\040\000p\000r\000o\000g\000r\000a\000m\000\040\000s\000c\000h\000e\000d\000u\000l\000e\000s}{chapter.5}% 19
\BOOKMARK [1][-]{section.5.2}{\376\377\000S\000t\000e\000p\000\040\0002\000:\000\040\000A\000\040\000m\000e\000r\000g\000e\000d\000\040\000s\000t\000a\000t\000e\000-\000t\000r\000a\000n\000s\000i\000t\000i\000o\000n\000\040\000g\000r\000a\000p\000h}{chapter.5}% 20
\BOOKMARK [1][-]{section.5.3}{\376\377\000S\000c\000h\000e\000d\000u\000l\000i\000n\000g\000\040\000p\000r\000o\000c\000e\000d\000u\000r\000e\000:\000\040\000P\000u\000t\000t\000i\000n\000g\000\040\000t\000h\000e\000\040\000p\000i\000e\000c\000e\000s\000\040\000t\000o\000g\000e\000t\000h\000e\000r}{chapter.5}% 21
\BOOKMARK [0][-]{chapter.6}{\376\377\000F\000a\000s\000t\000e\000r\000\040\000s\000c\000h\000e\000d\000u\000l\000i\000n\000g\000\040\000h\000e\000u\000r\000i\000s\000t\000i\000c\000s}{}% 22
\BOOKMARK [1][-]{section.6.1}{\376\377\000R\000a\000n\000d\000o\000m\000\040\000w\000a\000l\000k}{chapter.6}% 23
\BOOKMARK [1][-]{section.6.2}{\376\377\000G\000r\000e\000e\000d\000y\000\040\000w\000a\000l\000k}{chapter.6}% 24
\BOOKMARK [0][-]{chapter.7}{\376\377\000E\000v\000a\000l\000u\000a\000t\000i\000o\000n}{}% 25
\BOOKMARK [1][-]{section.7.1}{\376\377\000I\000n\000p\000u\000t\000s\000\040\000g\000e\000n\000e\000r\000a\000t\000i\000o\000n}{chapter.7}% 26
\BOOKMARK [1][-]{section.7.2}{\376\377\000S\000c\000h\000e\000d\000u\000l\000e\000r\000\040\000i\000m\000p\000l\000e\000m\000e\000n\000t\000a\000t\000i\000o\000n}{chapter.7}% 27
\BOOKMARK [1][-]{section.7.3}{\376\377\000S\000c\000h\000e\000d\000u\000l\000e\000r\000s\000\040\000e\000v\000a\000l\000u\000a\000t\000i\000o\000n}{chapter.7}% 28
\BOOKMARK [0][-]{chapter.8}{\376\377\000C\000o\000n\000c\000l\000u\000s\000i\000o\000n}{}% 29
\BOOKMARK [1][-]{section.8.1}{\376\377\000D\000e\000t\000a\000i\000l\000e\000d\000\040\000c\000o\000n\000t\000r\000i\000b\000u\000t\000i\000o\000n}{chapter.8}% 30
\BOOKMARK [0][-]{chapter*.29}{\376\377\000B\000i\000b\000l\000i\000o\000g\000r\000a\000p\000h\000y\000\040\000c\000i\000t\000e\000d}{}% 31
